<?xml version="1.0" encoding="UTF-8"?>
<!-- Generated by org.testng.reporters.JUnitReportReporter -->
<testsuite skipped="0" hostname="DESKTOP-J44BULS" name="com_DemoActiTime_Tests.Demo1" tests="1" failures="0" timestamp="29 Apr 2020 10:22:21 GMT" time="72.375" errors="0">
  <testcase name="TestA" time="72.375" classname="com_DemoActiTime_Tests.Demo1"/>
</testsuite> <!-- com_DemoActiTime_Tests.Demo1 -->
