<?xml version="1.0" encoding="UTF-8"?>
<!-- Generated by org.testng.reporters.JUnitReportReporter -->
<testsuite skipped="0" hostname="DESKTOP-J44BULS" name="com_DemoActiTime_Tests.Demo6" tests="1" failures="0" timestamp="30 Apr 2020 10:01:37 GMT" time="0.025" errors="0">
  <testcase name="testA" time="0.025" classname="com_DemoActiTime_Tests.Demo6"/>
</testsuite> <!-- com_DemoActiTime_Tests.Demo6 -->
