<?xml version="1.0" encoding="UTF-8"?>
<!-- Generated by org.testng.reporters.JUnitReportReporter -->
<testsuite skipped="0" hostname="DESKTOP-J44BULS" name="com_DemoActiTime_Tests.Demo4" tests="1" failures="0" timestamp="29 Apr 2020 10:33:44 GMT" time="17.848" errors="0">
  <testcase name="TestA" time="17.848" classname="com_DemoActiTime_Tests.Demo4"/>
</testsuite> <!-- com_DemoActiTime_Tests.Demo4 -->
