<?xml version="1.0" encoding="UTF-8"?>
<!-- Generated by org.testng.reporters.JUnitReportReporter -->
<testsuite skipped="0" hostname="DESKTOP-J44BULS" name="com_Reports_Test.Log4j" tests="1" failures="0" timestamp="13 May 2020 08:08:01 GMT" time="0.027" errors="0">
  <testcase name="testA" time="0.027" classname="com_Reports_Test.Log4j"/>
</testsuite> <!-- com_Reports_Test.Log4j -->
