<?xml version="1.0" encoding="UTF-8"?>
<!-- Generated by org.testng.reporters.JUnitReportReporter -->
<testsuite skipped="0" hostname="DESKTOP-J44BULS" name="com_DemoActiTime_Tests.Demo5" tests="1" failures="0" timestamp="30 Apr 2020 09:55:47 GMT" time="33.605" errors="0">
  <testcase name="TestA" time="33.605" classname="com_DemoActiTime_Tests.Demo5"/>
</testsuite> <!-- com_DemoActiTime_Tests.Demo5 -->
